2024-01-31 10:01:741 INFO  Homepage :54 - Accept cookies[[ChromeDriver: chrome on windows (5545a50a17214f841477c37ad2133dc9)] -> xpath: //a[@id='hs-eu-confirmation-button']]
2024-01-31 10:01:691 INFO  Homepage :63 - Enter contact details in text field[[ChromeDriver: chrome on windows (5545a50a17214f841477c37ad2133dc9)] -> xpath: //*[@id="menu"]/ul/li[5]/a]
2024-01-31 10:01:143 INFO  Homepage :67 - Enter last name in text field[[ChromeDriver: chrome on windows (5545a50a17214f841477c37ad2133dc9)] -> xpath: //form[@id="hsForm_3dd4eca2-695f-4758-aed5-b46ebb1efe12_276"]/div[1]/div/input]
2024-01-31 10:01:360 INFO  Homepage :71 - Enter company name in text field[[ChromeDriver: chrome on windows (5545a50a17214f841477c37ad2133dc9)] -> xpath: //form[@id="hsForm_3dd4eca2-695f-4758-aed5-b46ebb1efe12_276"]/div[2]/div/input]
2024-01-31 10:01:630 INFO  Homepage :75 - Enter jobTittle in text field[[ChromeDriver: chrome on windows (5545a50a17214f841477c37ad2133dc9)] -> xpath: //form[@id="hsForm_3dd4eca2-695f-4758-aed5-b46ebb1efe12_276"]/div[3]/div/input]
2024-01-31 10:01:915 INFO  Homepage :79 - Enter phoneNo in text field[[ChromeDriver: chrome on windows (5545a50a17214f841477c37ad2133dc9)] -> xpath: //form[@id='hsForm_3dd4eca2-695f-4758-aed5-b46ebb1efe12_276']/div[4]/div/input]
2024-01-31 10:01:276 INFO  Homepage :83 - Enter Email  in text field[[ChromeDriver: chrome on windows (5545a50a17214f841477c37ad2133dc9)] -> xpath: //form[@id='hsForm_3dd4eca2-695f-4758-aed5-b46ebb1efe12_276']/div[5]/div/input]
2024-01-31 10:01:556 INFO  Homepage :87 - Enter Employees  in text field[[ChromeDriver: chrome on windows (5545a50a17214f841477c37ad2133dc9)] -> xpath: //form[@id='hsForm_3dd4eca2-695f-4758-aed5-b46ebb1efe12_276']/div[6]/div/select]
2024-01-31 10:01:470 INFO  Homepage :54 - Accept cookies[[ChromeDriver: chrome on windows (d49079b4864db7791e5121d155312c33)] -> xpath: //a[@id='hs-eu-confirmation-button']]
2024-01-31 10:01:114 INFO  Homepage :63 - Enter contact details in text field[[ChromeDriver: chrome on windows (d49079b4864db7791e5121d155312c33)] -> xpath: //*[@id="menu"]/ul/li[5]/a]
2024-01-31 10:01:572 INFO  Homepage :67 - Enter last name in text field[[ChromeDriver: chrome on windows (d49079b4864db7791e5121d155312c33)] -> xpath: //form[@id="hsForm_3dd4eca2-695f-4758-aed5-b46ebb1efe12_276"]/div[1]/div/input]
2024-01-31 10:01:821 INFO  Homepage :71 - Enter company name in text field[[ChromeDriver: chrome on windows (d49079b4864db7791e5121d155312c33)] -> xpath: //form[@id="hsForm_3dd4eca2-695f-4758-aed5-b46ebb1efe12_276"]/div[2]/div/input]
2024-01-31 10:01:129 INFO  Homepage :75 - Enter jobTittle in text field[[ChromeDriver: chrome on windows (d49079b4864db7791e5121d155312c33)] -> xpath: //form[@id="hsForm_3dd4eca2-695f-4758-aed5-b46ebb1efe12_276"]/div[3]/div/input]
2024-01-31 10:01:497 INFO  Homepage :79 - Enter phoneNo in text field[[ChromeDriver: chrome on windows (d49079b4864db7791e5121d155312c33)] -> xpath: //form[@id='hsForm_3dd4eca2-695f-4758-aed5-b46ebb1efe12_276']/div[4]/div/input]
2024-01-31 10:01:794 INFO  Homepage :83 - Enter Email  in text field[[ChromeDriver: chrome on windows (d49079b4864db7791e5121d155312c33)] -> xpath: //form[@id='hsForm_3dd4eca2-695f-4758-aed5-b46ebb1efe12_276']/div[5]/div/input]
2024-01-31 10:01:56 INFO  Homepage :87 - Enter Employees  in text field[[ChromeDriver: chrome on windows (d49079b4864db7791e5121d155312c33)] -> xpath: //form[@id='hsForm_3dd4eca2-695f-4758-aed5-b46ebb1efe12_276']/div[6]/div/select]
2024-01-31 10:01:519 INFO  Homepage :54 - Accept cookies[[ChromeDriver: chrome on windows (fd1413a815ca574a78603c5761ce5cbe)] -> xpath: //a[@id='hs-eu-confirmation-button']]
2024-01-31 10:01:554 INFO  Homepage :63 - Enter contact details in text field[[ChromeDriver: chrome on windows (fd1413a815ca574a78603c5761ce5cbe)] -> xpath: //*[@id="menu"]/ul/li[5]/a]
2024-01-31 10:01:28 INFO  Homepage :67 - Enter last name in text field[[ChromeDriver: chrome on windows (fd1413a815ca574a78603c5761ce5cbe)] -> xpath: //form[@id="hsForm_3dd4eca2-695f-4758-aed5-b46ebb1efe12_276"]/div[1]/div/input]
2024-01-31 10:01:262 INFO  Homepage :71 - Enter company name in text field[[ChromeDriver: chrome on windows (fd1413a815ca574a78603c5761ce5cbe)] -> xpath: //form[@id="hsForm_3dd4eca2-695f-4758-aed5-b46ebb1efe12_276"]/div[2]/div/input]
2024-01-31 10:01:549 INFO  Homepage :75 - Enter jobTittle in text field[[ChromeDriver: chrome on windows (fd1413a815ca574a78603c5761ce5cbe)] -> xpath: //form[@id="hsForm_3dd4eca2-695f-4758-aed5-b46ebb1efe12_276"]/div[3]/div/input]
2024-01-31 10:01:886 INFO  Homepage :79 - Enter phoneNo in text field[[ChromeDriver: chrome on windows (fd1413a815ca574a78603c5761ce5cbe)] -> xpath: //form[@id='hsForm_3dd4eca2-695f-4758-aed5-b46ebb1efe12_276']/div[4]/div/input]
2024-01-31 10:01:140 INFO  Homepage :83 - Enter Email  in text field[[ChromeDriver: chrome on windows (fd1413a815ca574a78603c5761ce5cbe)] -> xpath: //form[@id='hsForm_3dd4eca2-695f-4758-aed5-b46ebb1efe12_276']/div[5]/div/input]
2024-01-31 10:01:391 INFO  Homepage :87 - Enter Employees  in text field[[ChromeDriver: chrome on windows (fd1413a815ca574a78603c5761ce5cbe)] -> xpath: //form[@id='hsForm_3dd4eca2-695f-4758-aed5-b46ebb1efe12_276']/div[6]/div/select]
2024-02-02 13:02:959 INFO  Homepage :54 - Accept cookies[[ChromeDriver: chrome on windows (ff81acd752a9e224b6e828dd8d252f57)] -> xpath: //a[@id='hs-eu-confirmation-button']]
2024-02-02 13:02:725 INFO  Homepage :63 - Enter contact details in text field[[ChromeDriver: chrome on windows (ff81acd752a9e224b6e828dd8d252f57)] -> xpath: //*[@id="menu"]/ul/li[5]/a]
2024-02-02 13:02:77 INFO  Homepage :67 - Enter last name in text field[[ChromeDriver: chrome on windows (ff81acd752a9e224b6e828dd8d252f57)] -> xpath: //form[@id="hsForm_3dd4eca2-695f-4758-aed5-b46ebb1efe12_276"]/div[1]/div/input]
2024-02-02 13:02:189 INFO  Homepage :71 - Enter company name in text field[[ChromeDriver: chrome on windows (ff81acd752a9e224b6e828dd8d252f57)] -> xpath: //form[@id="hsForm_3dd4eca2-695f-4758-aed5-b46ebb1efe12_276"]/div[2]/div/input]
2024-02-02 13:02:313 INFO  Homepage :75 - Enter jobTittle in text field[[ChromeDriver: chrome on windows (ff81acd752a9e224b6e828dd8d252f57)] -> xpath: //form[@id="hsForm_3dd4eca2-695f-4758-aed5-b46ebb1efe12_276"]/div[3]/div/input]
2024-02-02 13:02:433 INFO  Homepage :79 - Enter phoneNo in text field[[ChromeDriver: chrome on windows (ff81acd752a9e224b6e828dd8d252f57)] -> xpath: //form[@id='hsForm_3dd4eca2-695f-4758-aed5-b46ebb1efe12_276']/div[4]/div/input]
2024-02-02 13:02:552 INFO  Homepage :83 - Enter Email  in text field[[ChromeDriver: chrome on windows (ff81acd752a9e224b6e828dd8d252f57)] -> xpath: //form[@id='hsForm_3dd4eca2-695f-4758-aed5-b46ebb1efe12_276']/div[5]/div/input]
2024-02-02 13:02:708 INFO  Homepage :87 - Enter Employees  in text field[[ChromeDriver: chrome on windows (ff81acd752a9e224b6e828dd8d252f57)] -> xpath: //form[@id='hsForm_3dd4eca2-695f-4758-aed5-b46ebb1efe12_276']/div[6]/div/select]
2024-02-02 13:02:163 INFO  Homepage :55 - Accept cookies[[ChromeDriver: chrome on windows (0dc9c9e28f84b65f73ea0f480287b31d)] -> xpath: //a[@id='hs-eu-confirmation-button']]
2024-02-02 13:02:654 INFO  Homepage :64 - Enter contact details in text field[[ChromeDriver: chrome on windows (0dc9c9e28f84b65f73ea0f480287b31d)] -> xpath: //*[@id="menu"]/ul/li[5]/a]
2024-02-02 13:02:944 INFO  Homepage :68 - Enter last name in text field[[ChromeDriver: chrome on windows (0dc9c9e28f84b65f73ea0f480287b31d)] -> xpath: //form[@id="hsForm_3dd4eca2-695f-4758-aed5-b46ebb1efe12_276"]/div[1]/div/input]
2024-02-02 13:02:36 INFO  Homepage :72 - Enter company name in text field[[ChromeDriver: chrome on windows (0dc9c9e28f84b65f73ea0f480287b31d)] -> xpath: //form[@id="hsForm_3dd4eca2-695f-4758-aed5-b46ebb1efe12_276"]/div[2]/div/input]
2024-02-02 13:02:148 INFO  Homepage :76 - Enter jobTittle in text field[[ChromeDriver: chrome on windows (0dc9c9e28f84b65f73ea0f480287b31d)] -> xpath: //form[@id="hsForm_3dd4eca2-695f-4758-aed5-b46ebb1efe12_276"]/div[3]/div/input]
2024-02-02 13:02:245 INFO  Homepage :80 - Enter phoneNo in text field[[ChromeDriver: chrome on windows (0dc9c9e28f84b65f73ea0f480287b31d)] -> xpath: //form[@id='hsForm_3dd4eca2-695f-4758-aed5-b46ebb1efe12_276']/div[4]/div/input]
2024-02-02 13:02:352 INFO  Homepage :84 - Enter Email  in text field[[ChromeDriver: chrome on windows (0dc9c9e28f84b65f73ea0f480287b31d)] -> xpath: //form[@id='hsForm_3dd4eca2-695f-4758-aed5-b46ebb1efe12_276']/div[5]/div/input]
2024-02-02 13:02:466 INFO  Homepage :88 - Enter Employees  in text field[[ChromeDriver: chrome on windows (0dc9c9e28f84b65f73ea0f480287b31d)] -> xpath: //form[@id='hsForm_3dd4eca2-695f-4758-aed5-b46ebb1efe12_276']/div[6]/div/select]
2024-02-02 14:02:533 INFO  Homepage :55 - Accept cookies[[ChromeDriver: chrome on windows (6802def3de11ada45103e09a239c99ee)] -> xpath: //a[@id='hs-eu-confirmation-button']]
2024-02-02 14:02:893 INFO  Homepage :64 - Enter contact details in text field[[ChromeDriver: chrome on windows (6802def3de11ada45103e09a239c99ee)] -> xpath: //*[@id="menu"]/ul/li[5]/a]
2024-02-02 14:02:207 INFO  Homepage :68 - Enter last name in text field[[ChromeDriver: chrome on windows (6802def3de11ada45103e09a239c99ee)] -> xpath: //form[@id="hsForm_3dd4eca2-695f-4758-aed5-b46ebb1efe12_276"]/div[1]/div/input]
2024-02-02 14:02:300 INFO  Homepage :72 - Enter company name in text field[[ChromeDriver: chrome on windows (6802def3de11ada45103e09a239c99ee)] -> xpath: //form[@id="hsForm_3dd4eca2-695f-4758-aed5-b46ebb1efe12_276"]/div[2]/div/input]
2024-02-02 14:02:408 INFO  Homepage :76 - Enter jobTittle in text field[[ChromeDriver: chrome on windows (6802def3de11ada45103e09a239c99ee)] -> xpath: //form[@id="hsForm_3dd4eca2-695f-4758-aed5-b46ebb1efe12_276"]/div[3]/div/input]
2024-02-02 14:02:503 INFO  Homepage :80 - Enter phoneNo in text field[[ChromeDriver: chrome on windows (6802def3de11ada45103e09a239c99ee)] -> xpath: //form[@id='hsForm_3dd4eca2-695f-4758-aed5-b46ebb1efe12_276']/div[4]/div/input]
2024-02-02 14:02:597 INFO  Homepage :84 - Enter Email  in text field[[ChromeDriver: chrome on windows (6802def3de11ada45103e09a239c99ee)] -> xpath: //form[@id='hsForm_3dd4eca2-695f-4758-aed5-b46ebb1efe12_276']/div[5]/div/input]
2024-02-02 14:02:741 INFO  Homepage :88 - Enter Employees  in text field[[ChromeDriver: chrome on windows (6802def3de11ada45103e09a239c99ee)] -> xpath: //form[@id='hsForm_3dd4eca2-695f-4758-aed5-b46ebb1efe12_276']/div[6]/div/select]
2024-02-02 14:02:859 INFO  Homepage :55 - Accept cookies[[ChromeDriver: chrome on windows (df8203e0b22bca754d07e150cb1ad1ab)] -> xpath: //a[@id='hs-eu-confirmation-button']]
2024-02-02 14:02:296 INFO  Homepage :64 - Enter contact details in text field[[ChromeDriver: chrome on windows (df8203e0b22bca754d07e150cb1ad1ab)] -> xpath: //*[@id="menu"]/ul/li[5]/a]
2024-02-02 14:02:633 INFO  Homepage :68 - Enter last name in text field[[ChromeDriver: chrome on windows (df8203e0b22bca754d07e150cb1ad1ab)] -> xpath: //form[@id="hsForm_3dd4eca2-695f-4758-aed5-b46ebb1efe12_276"]/div[1]/div/input]
2024-02-02 14:02:748 INFO  Homepage :72 - Enter company name in text field[[ChromeDriver: chrome on windows (df8203e0b22bca754d07e150cb1ad1ab)] -> xpath: //form[@id="hsForm_3dd4eca2-695f-4758-aed5-b46ebb1efe12_276"]/div[2]/div/input]
2024-02-02 14:02:861 INFO  Homepage :76 - Enter jobTittle in text field[[ChromeDriver: chrome on windows (df8203e0b22bca754d07e150cb1ad1ab)] -> xpath: //form[@id="hsForm_3dd4eca2-695f-4758-aed5-b46ebb1efe12_276"]/div[3]/div/input]
2024-02-02 14:02:951 INFO  Homepage :80 - Enter phoneNo in text field[[ChromeDriver: chrome on windows (df8203e0b22bca754d07e150cb1ad1ab)] -> xpath: //form[@id='hsForm_3dd4eca2-695f-4758-aed5-b46ebb1efe12_276']/div[4]/div/input]
2024-02-02 14:02:50 INFO  Homepage :84 - Enter Email  in text field[[ChromeDriver: chrome on windows (df8203e0b22bca754d07e150cb1ad1ab)] -> xpath: //form[@id='hsForm_3dd4eca2-695f-4758-aed5-b46ebb1efe12_276']/div[5]/div/input]
2024-02-02 14:02:170 INFO  Homepage :88 - Enter Employees  in text field[[ChromeDriver: chrome on windows (df8203e0b22bca754d07e150cb1ad1ab)] -> xpath: //form[@id='hsForm_3dd4eca2-695f-4758-aed5-b46ebb1efe12_276']/div[6]/div/select]
2024-02-02 14:02:380 INFO  Homepage :55 - Accept cookies[[ChromeDriver: chrome on windows (69e062c921a7568dddadaaff7d7a8d30)] -> xpath: //a[@id='hs-eu-confirmation-button']]
2024-02-02 14:02:758 INFO  Homepage :64 - Enter contact details in text field[[ChromeDriver: chrome on windows (69e062c921a7568dddadaaff7d7a8d30)] -> xpath: //*[@id="menu"]/ul/li[5]/a]
2024-02-02 14:02:90 INFO  Homepage :68 - Enter last name in text field[[ChromeDriver: chrome on windows (69e062c921a7568dddadaaff7d7a8d30)] -> xpath: //form[@id="hsForm_3dd4eca2-695f-4758-aed5-b46ebb1efe12_276"]/div[1]/div/input]
2024-02-02 14:02:180 INFO  Homepage :72 - Enter company name in text field[[ChromeDriver: chrome on windows (69e062c921a7568dddadaaff7d7a8d30)] -> xpath: //form[@id="hsForm_3dd4eca2-695f-4758-aed5-b46ebb1efe12_276"]/div[2]/div/input]
2024-02-02 14:02:286 INFO  Homepage :76 - Enter jobTittle in text field[[ChromeDriver: chrome on windows (69e062c921a7568dddadaaff7d7a8d30)] -> xpath: //form[@id="hsForm_3dd4eca2-695f-4758-aed5-b46ebb1efe12_276"]/div[3]/div/input]
2024-02-02 14:02:393 INFO  Homepage :80 - Enter phoneNo in text field[[ChromeDriver: chrome on windows (69e062c921a7568dddadaaff7d7a8d30)] -> xpath: //form[@id='hsForm_3dd4eca2-695f-4758-aed5-b46ebb1efe12_276']/div[4]/div/input]
2024-02-02 14:02:503 INFO  Homepage :84 - Enter Email  in text field[[ChromeDriver: chrome on windows (69e062c921a7568dddadaaff7d7a8d30)] -> xpath: //form[@id='hsForm_3dd4eca2-695f-4758-aed5-b46ebb1efe12_276']/div[5]/div/input]
2024-02-02 14:02:627 INFO  Homepage :88 - Enter Employees  in text field[[ChromeDriver: chrome on windows (69e062c921a7568dddadaaff7d7a8d30)] -> xpath: //form[@id='hsForm_3dd4eca2-695f-4758-aed5-b46ebb1efe12_276']/div[6]/div/select]
2024-02-02 14:02:123 INFO  Homepage :55 - Accept cookies[[ChromeDriver: chrome on windows (16735fe82e9ab0278c98904a0fbd31ae)] -> xpath: //a[@id='hs-eu-confirmation-button']]
2024-02-02 14:02:489 INFO  Homepage :64 - Enter contact details in text field[[ChromeDriver: chrome on windows (16735fe82e9ab0278c98904a0fbd31ae)] -> xpath: //*[@id="menu"]/ul/li[5]/a]
2024-02-02 14:02:797 INFO  Homepage :68 - Enter last name in text field[[ChromeDriver: chrome on windows (16735fe82e9ab0278c98904a0fbd31ae)] -> xpath: //form[@id="hsForm_3dd4eca2-695f-4758-aed5-b46ebb1efe12_276"]/div[1]/div/input]
2024-02-02 14:02:886 INFO  Homepage :72 - Enter company name in text field[[ChromeDriver: chrome on windows (16735fe82e9ab0278c98904a0fbd31ae)] -> xpath: //form[@id="hsForm_3dd4eca2-695f-4758-aed5-b46ebb1efe12_276"]/div[2]/div/input]
2024-02-02 14:02:987 INFO  Homepage :76 - Enter jobTittle in text field[[ChromeDriver: chrome on windows (16735fe82e9ab0278c98904a0fbd31ae)] -> xpath: //form[@id="hsForm_3dd4eca2-695f-4758-aed5-b46ebb1efe12_276"]/div[3]/div/input]
2024-02-02 14:02:83 INFO  Homepage :80 - Enter phoneNo in text field[[ChromeDriver: chrome on windows (16735fe82e9ab0278c98904a0fbd31ae)] -> xpath: //form[@id='hsForm_3dd4eca2-695f-4758-aed5-b46ebb1efe12_276']/div[4]/div/input]
2024-02-02 14:02:210 INFO  Homepage :84 - Enter Email  in text field[[ChromeDriver: chrome on windows (16735fe82e9ab0278c98904a0fbd31ae)] -> xpath: //form[@id='hsForm_3dd4eca2-695f-4758-aed5-b46ebb1efe12_276']/div[5]/div/input]
2024-02-02 14:02:343 INFO  Homepage :88 - Enter Employees  in text field[[ChromeDriver: chrome on windows (16735fe82e9ab0278c98904a0fbd31ae)] -> xpath: //form[@id='hsForm_3dd4eca2-695f-4758-aed5-b46ebb1efe12_276']/div[6]/div/select]
2024-02-02 14:02:362 INFO  Homepage :55 - Accept cookies[[ChromeDriver: chrome on windows (05d7cba7e535b3f4e5ccc1211cf2468e)] -> xpath: //a[@id='hs-eu-confirmation-button']]
2024-02-02 14:02:789 INFO  Homepage :64 - Enter contact details in text field[[ChromeDriver: chrome on windows (05d7cba7e535b3f4e5ccc1211cf2468e)] -> xpath: //*[@id="menu"]/ul/li[5]/a]
2024-02-02 14:02:98 INFO  Homepage :68 - Enter last name in text field[[ChromeDriver: chrome on windows (05d7cba7e535b3f4e5ccc1211cf2468e)] -> xpath: //form[@id="hsForm_3dd4eca2-695f-4758-aed5-b46ebb1efe12_276"]/div[1]/div/input]
2024-02-02 14:02:195 INFO  Homepage :72 - Enter company name in text field[[ChromeDriver: chrome on windows (05d7cba7e535b3f4e5ccc1211cf2468e)] -> xpath: //form[@id="hsForm_3dd4eca2-695f-4758-aed5-b46ebb1efe12_276"]/div[2]/div/input]
2024-02-02 14:02:298 INFO  Homepage :76 - Enter jobTittle in text field[[ChromeDriver: chrome on windows (05d7cba7e535b3f4e5ccc1211cf2468e)] -> xpath: //form[@id="hsForm_3dd4eca2-695f-4758-aed5-b46ebb1efe12_276"]/div[3]/div/input]
2024-02-02 14:02:389 INFO  Homepage :80 - Enter phoneNo in text field[[ChromeDriver: chrome on windows (05d7cba7e535b3f4e5ccc1211cf2468e)] -> xpath: //form[@id='hsForm_3dd4eca2-695f-4758-aed5-b46ebb1efe12_276']/div[4]/div/input]
2024-02-02 14:02:505 INFO  Homepage :84 - Enter Email  in text field[[ChromeDriver: chrome on windows (05d7cba7e535b3f4e5ccc1211cf2468e)] -> xpath: //form[@id='hsForm_3dd4eca2-695f-4758-aed5-b46ebb1efe12_276']/div[5]/div/input]
2024-02-02 14:02:628 INFO  Homepage :88 - Enter Employees  in text field[[ChromeDriver: chrome on windows (05d7cba7e535b3f4e5ccc1211cf2468e)] -> xpath: //form[@id='hsForm_3dd4eca2-695f-4758-aed5-b46ebb1efe12_276']/div[6]/div/select]
2024-02-02 14:02:497 INFO  Homepage :55 - Accept cookies[[ChromeDriver: chrome on windows (737f9472ca6448b0c56297edf9b713fb)] -> xpath: //a[@id='hs-eu-confirmation-button']]
2024-02-02 14:02:824 INFO  Homepage :64 - Enter contact details in text field[[ChromeDriver: chrome on windows (737f9472ca6448b0c56297edf9b713fb)] -> xpath: //*[@id="menu"]/ul/li[5]/a]
2024-02-02 14:02:133 INFO  Homepage :68 - Enter last name in text field[[ChromeDriver: chrome on windows (737f9472ca6448b0c56297edf9b713fb)] -> xpath: //form[@id="hsForm_3dd4eca2-695f-4758-aed5-b46ebb1efe12_276"]/div[1]/div/input]
2024-02-02 14:02:226 INFO  Homepage :72 - Enter company name in text field[[ChromeDriver: chrome on windows (737f9472ca6448b0c56297edf9b713fb)] -> xpath: //form[@id="hsForm_3dd4eca2-695f-4758-aed5-b46ebb1efe12_276"]/div[2]/div/input]
2024-02-02 14:02:331 INFO  Homepage :76 - Enter jobTittle in text field[[ChromeDriver: chrome on windows (737f9472ca6448b0c56297edf9b713fb)] -> xpath: //form[@id="hsForm_3dd4eca2-695f-4758-aed5-b46ebb1efe12_276"]/div[3]/div/input]
2024-02-02 14:02:425 INFO  Homepage :80 - Enter phoneNo in text field[[ChromeDriver: chrome on windows (737f9472ca6448b0c56297edf9b713fb)] -> xpath: //form[@id='hsForm_3dd4eca2-695f-4758-aed5-b46ebb1efe12_276']/div[4]/div/input]
2024-02-02 14:02:519 INFO  Homepage :84 - Enter Email  in text field[[ChromeDriver: chrome on windows (737f9472ca6448b0c56297edf9b713fb)] -> xpath: //form[@id='hsForm_3dd4eca2-695f-4758-aed5-b46ebb1efe12_276']/div[5]/div/input]
2024-02-02 14:02:627 INFO  Homepage :88 - Enter Employees  in text field[[ChromeDriver: chrome on windows (737f9472ca6448b0c56297edf9b713fb)] -> xpath: //form[@id='hsForm_3dd4eca2-695f-4758-aed5-b46ebb1efe12_276']/div[6]/div/select]
2024-02-02 14:02:431 INFO  Homepage :55 - Accept cookies[[ChromeDriver: chrome on windows (e4e249f5e14ad8c545b1046ea6d6bf22)] -> xpath: //a[@id='hs-eu-confirmation-button']]
2024-02-02 14:02:407 INFO  Homepage :64 - Enter contact details in text field[[ChromeDriver: chrome on windows (e4e249f5e14ad8c545b1046ea6d6bf22)] -> xpath: //*[@id="menu"]/ul/li[5]/a]
2024-02-02 14:02:596 INFO  Homepage :68 - Enter last name in text field[[ChromeDriver: chrome on windows (e4e249f5e14ad8c545b1046ea6d6bf22)] -> xpath: //form[@id="hsForm_3dd4eca2-695f-4758-aed5-b46ebb1efe12_276"]/div[1]/div/input]
2024-02-02 14:02:694 INFO  Homepage :72 - Enter company name in text field[[ChromeDriver: chrome on windows (e4e249f5e14ad8c545b1046ea6d6bf22)] -> xpath: //form[@id="hsForm_3dd4eca2-695f-4758-aed5-b46ebb1efe12_276"]/div[2]/div/input]
2024-02-02 14:02:798 INFO  Homepage :76 - Enter jobTittle in text field[[ChromeDriver: chrome on windows (e4e249f5e14ad8c545b1046ea6d6bf22)] -> xpath: //form[@id="hsForm_3dd4eca2-695f-4758-aed5-b46ebb1efe12_276"]/div[3]/div/input]
2024-02-02 14:02:895 INFO  Homepage :80 - Enter phoneNo in text field[[ChromeDriver: chrome on windows (e4e249f5e14ad8c545b1046ea6d6bf22)] -> xpath: //form[@id='hsForm_3dd4eca2-695f-4758-aed5-b46ebb1efe12_276']/div[4]/div/input]
2024-02-02 14:02:09 INFO  Homepage :84 - Enter Email  in text field[[ChromeDriver: chrome on windows (e4e249f5e14ad8c545b1046ea6d6bf22)] -> xpath: //form[@id='hsForm_3dd4eca2-695f-4758-aed5-b46ebb1efe12_276']/div[5]/div/input]
2024-02-02 14:02:120 INFO  Homepage :88 - Enter Employees  in text field[[ChromeDriver: chrome on windows (e4e249f5e14ad8c545b1046ea6d6bf22)] -> xpath: //form[@id='hsForm_3dd4eca2-695f-4758-aed5-b46ebb1efe12_276']/div[6]/div/select]
2024-02-02 14:02:705 INFO  Homepage :55 - Accept cookies[[ChromeDriver: chrome on windows (32de94bc380d85cad1d80a34e8b58db8)] -> xpath: //a[@id='hs-eu-confirmation-button']]
2024-02-02 14:02:93 INFO  Homepage :64 - Enter contact details in text field[[ChromeDriver: chrome on windows (32de94bc380d85cad1d80a34e8b58db8)] -> xpath: //*[@id="menu"]/ul/li[5]/a]
2024-02-02 14:02:411 INFO  Homepage :68 - Enter last name in text field[[ChromeDriver: chrome on windows (32de94bc380d85cad1d80a34e8b58db8)] -> xpath: //form[@id="hsForm_3dd4eca2-695f-4758-aed5-b46ebb1efe12_276"]/div[1]/div/input]
2024-02-02 14:02:497 INFO  Homepage :72 - Enter company name in text field[[ChromeDriver: chrome on windows (32de94bc380d85cad1d80a34e8b58db8)] -> xpath: //form[@id="hsForm_3dd4eca2-695f-4758-aed5-b46ebb1efe12_276"]/div[2]/div/input]
2024-02-02 14:02:598 INFO  Homepage :76 - Enter jobTittle in text field[[ChromeDriver: chrome on windows (32de94bc380d85cad1d80a34e8b58db8)] -> xpath: //form[@id="hsForm_3dd4eca2-695f-4758-aed5-b46ebb1efe12_276"]/div[3]/div/input]
2024-02-02 14:02:691 INFO  Homepage :80 - Enter phoneNo in text field[[ChromeDriver: chrome on windows (32de94bc380d85cad1d80a34e8b58db8)] -> xpath: //form[@id='hsForm_3dd4eca2-695f-4758-aed5-b46ebb1efe12_276']/div[4]/div/input]
2024-02-02 14:02:782 INFO  Homepage :84 - Enter Email  in text field[[ChromeDriver: chrome on windows (32de94bc380d85cad1d80a34e8b58db8)] -> xpath: //form[@id='hsForm_3dd4eca2-695f-4758-aed5-b46ebb1efe12_276']/div[5]/div/input]
2024-02-02 14:02:886 INFO  Homepage :88 - Enter Employees  in text field[[ChromeDriver: chrome on windows (32de94bc380d85cad1d80a34e8b58db8)] -> xpath: //form[@id='hsForm_3dd4eca2-695f-4758-aed5-b46ebb1efe12_276']/div[6]/div/select]
2024-02-02 14:02:245 INFO  Homepage :59 - Accept cookies[[ChromeDriver: chrome on windows (1074a2e531bd9f931d25b6ec2eddeb95)] -> xpath: //a[@id='hs-eu-confirmation-button']]
2024-02-02 14:02:631 INFO  Homepage :68 - Enter contact details in text field[[ChromeDriver: chrome on windows (1074a2e531bd9f931d25b6ec2eddeb95)] -> xpath: //*[@id="menu"]/ul/li[5]/a]
2024-02-02 14:02:938 INFO  Homepage :72 - Enter last name in text field[[ChromeDriver: chrome on windows (1074a2e531bd9f931d25b6ec2eddeb95)] -> xpath: //form[@id="hsForm_3dd4eca2-695f-4758-aed5-b46ebb1efe12_276"]/div[1]/div/input]
2024-02-02 14:02:39 INFO  Homepage :76 - Enter company name in text field[[ChromeDriver: chrome on windows (1074a2e531bd9f931d25b6ec2eddeb95)] -> xpath: //form[@id="hsForm_3dd4eca2-695f-4758-aed5-b46ebb1efe12_276"]/div[2]/div/input]
2024-02-02 14:02:143 INFO  Homepage :80 - Enter jobTittle in text field[[ChromeDriver: chrome on windows (1074a2e531bd9f931d25b6ec2eddeb95)] -> xpath: //form[@id="hsForm_3dd4eca2-695f-4758-aed5-b46ebb1efe12_276"]/div[3]/div/input]
2024-02-02 14:02:241 INFO  Homepage :84 - Enter phoneNo in text field[[ChromeDriver: chrome on windows (1074a2e531bd9f931d25b6ec2eddeb95)] -> xpath: //form[@id='hsForm_3dd4eca2-695f-4758-aed5-b46ebb1efe12_276']/div[4]/div/input]
2024-02-02 14:02:340 INFO  Homepage :88 - Enter Email  in text field[[ChromeDriver: chrome on windows (1074a2e531bd9f931d25b6ec2eddeb95)] -> xpath: //form[@id='hsForm_3dd4eca2-695f-4758-aed5-b46ebb1efe12_276']/div[5]/div/input]
2024-02-02 14:02:460 INFO  Homepage :92 - Enter Employees  in text field[[ChromeDriver: chrome on windows (1074a2e531bd9f931d25b6ec2eddeb95)] -> xpath: //form[@id='hsForm_3dd4eca2-695f-4758-aed5-b46ebb1efe12_276']/div[6]/div/select]
2024-02-02 14:02:321 INFO  Homepage :59 - Accept cookies[[ChromeDriver: chrome on windows (cd85c7268c903ee4a4cb445b4c255c7f)] -> xpath: //a[@id='hs-eu-confirmation-button']]
2024-02-02 14:02:765 INFO  Homepage :68 - Enter contact details in text field[[ChromeDriver: chrome on windows (cd85c7268c903ee4a4cb445b4c255c7f)] -> xpath: //*[@id="menu"]/ul/li[5]/a]
2024-02-02 14:02:70 INFO  Homepage :72 - Enter last name in text field[[ChromeDriver: chrome on windows (cd85c7268c903ee4a4cb445b4c255c7f)] -> xpath: //form[@id="hsForm_3dd4eca2-695f-4758-aed5-b46ebb1efe12_276"]/div[1]/div/input]
2024-02-02 14:02:151 INFO  Homepage :76 - Enter company name in text field[[ChromeDriver: chrome on windows (cd85c7268c903ee4a4cb445b4c255c7f)] -> xpath: //form[@id="hsForm_3dd4eca2-695f-4758-aed5-b46ebb1efe12_276"]/div[2]/div/input]
2024-02-02 14:02:255 INFO  Homepage :80 - Enter jobTittle in text field[[ChromeDriver: chrome on windows (cd85c7268c903ee4a4cb445b4c255c7f)] -> xpath: //form[@id="hsForm_3dd4eca2-695f-4758-aed5-b46ebb1efe12_276"]/div[3]/div/input]
2024-02-02 14:02:361 INFO  Homepage :84 - Enter phoneNo in text field[[ChromeDriver: chrome on windows (cd85c7268c903ee4a4cb445b4c255c7f)] -> xpath: //form[@id='hsForm_3dd4eca2-695f-4758-aed5-b46ebb1efe12_276']/div[4]/div/input]
2024-02-02 14:02:466 INFO  Homepage :88 - Enter Email  in text field[[ChromeDriver: chrome on windows (cd85c7268c903ee4a4cb445b4c255c7f)] -> xpath: //form[@id='hsForm_3dd4eca2-695f-4758-aed5-b46ebb1efe12_276']/div[5]/div/input]
2024-02-02 14:02:612 INFO  Homepage :92 - Enter Employees  in text field[[ChromeDriver: chrome on windows (cd85c7268c903ee4a4cb445b4c255c7f)] -> xpath: //form[@id='hsForm_3dd4eca2-695f-4758-aed5-b46ebb1efe12_276']/div[6]/div/select]
2024-02-02 14:02:838 INFO  Homepage :59 - Accept cookies[[ChromeDriver: chrome on windows (90ed7b405f89a6b7b52b17ae134e0aa0)] -> xpath: //a[@id='hs-eu-confirmation-button']]
2024-02-02 14:02:212 INFO  Homepage :68 - Enter contact details in text field[[ChromeDriver: chrome on windows (90ed7b405f89a6b7b52b17ae134e0aa0)] -> xpath: //*[@id="menu"]/ul/li[5]/a]
2024-02-02 14:02:529 INFO  Homepage :72 - Enter last name in text field[[ChromeDriver: chrome on windows (90ed7b405f89a6b7b52b17ae134e0aa0)] -> xpath: //form[@id="hsForm_3dd4eca2-695f-4758-aed5-b46ebb1efe12_276"]/div[1]/div/input]
2024-02-02 14:02:624 INFO  Homepage :76 - Enter company name in text field[[ChromeDriver: chrome on windows (90ed7b405f89a6b7b52b17ae134e0aa0)] -> xpath: //form[@id="hsForm_3dd4eca2-695f-4758-aed5-b46ebb1efe12_276"]/div[2]/div/input]
2024-02-02 14:02:729 INFO  Homepage :80 - Enter jobTittle in text field[[ChromeDriver: chrome on windows (90ed7b405f89a6b7b52b17ae134e0aa0)] -> xpath: //form[@id="hsForm_3dd4eca2-695f-4758-aed5-b46ebb1efe12_276"]/div[3]/div/input]
2024-02-02 14:02:819 INFO  Homepage :84 - Enter phoneNo in text field[[ChromeDriver: chrome on windows (90ed7b405f89a6b7b52b17ae134e0aa0)] -> xpath: //form[@id='hsForm_3dd4eca2-695f-4758-aed5-b46ebb1efe12_276']/div[4]/div/input]
2024-02-02 14:02:916 INFO  Homepage :88 - Enter Email  in text field[[ChromeDriver: chrome on windows (90ed7b405f89a6b7b52b17ae134e0aa0)] -> xpath: //form[@id='hsForm_3dd4eca2-695f-4758-aed5-b46ebb1efe12_276']/div[5]/div/input]
2024-02-02 14:02:23 INFO  Homepage :92 - Enter Employees  in text field[[ChromeDriver: chrome on windows (90ed7b405f89a6b7b52b17ae134e0aa0)] -> xpath: //form[@id='hsForm_3dd4eca2-695f-4758-aed5-b46ebb1efe12_276']/div[6]/div/select]
2024-02-02 14:02:202 INFO  Homepage :59 - Accept cookies[[ChromeDriver: chrome on windows (6b2383f92ae7de1f5a060c75456c3313)] -> xpath: //a[@id='hs-eu-confirmation-button']]
2024-02-02 14:02:651 INFO  Homepage :68 - Enter contact details in text field[[ChromeDriver: chrome on windows (6b2383f92ae7de1f5a060c75456c3313)] -> xpath: //*[@id="menu"]/ul/li[5]/a]
2024-02-02 14:02:948 INFO  Homepage :72 - Enter last name in text field[[ChromeDriver: chrome on windows (6b2383f92ae7de1f5a060c75456c3313)] -> xpath: //form[@id="hsForm_3dd4eca2-695f-4758-aed5-b46ebb1efe12_276"]/div[1]/div/input]
2024-02-02 14:02:34 INFO  Homepage :76 - Enter company name in text field[[ChromeDriver: chrome on windows (6b2383f92ae7de1f5a060c75456c3313)] -> xpath: //form[@id="hsForm_3dd4eca2-695f-4758-aed5-b46ebb1efe12_276"]/div[2]/div/input]
2024-02-02 14:02:138 INFO  Homepage :80 - Enter jobTittle in text field[[ChromeDriver: chrome on windows (6b2383f92ae7de1f5a060c75456c3313)] -> xpath: //form[@id="hsForm_3dd4eca2-695f-4758-aed5-b46ebb1efe12_276"]/div[3]/div/input]
2024-02-02 14:02:230 INFO  Homepage :84 - Enter phoneNo in text field[[ChromeDriver: chrome on windows (6b2383f92ae7de1f5a060c75456c3313)] -> xpath: //form[@id='hsForm_3dd4eca2-695f-4758-aed5-b46ebb1efe12_276']/div[4]/div/input]
2024-02-02 14:02:321 INFO  Homepage :88 - Enter Email  in text field[[ChromeDriver: chrome on windows (6b2383f92ae7de1f5a060c75456c3313)] -> xpath: //form[@id='hsForm_3dd4eca2-695f-4758-aed5-b46ebb1efe12_276']/div[5]/div/input]
2024-02-02 14:02:437 INFO  Homepage :92 - Enter Employees  in text field[[ChromeDriver: chrome on windows (6b2383f92ae7de1f5a060c75456c3313)] -> xpath: //form[@id='hsForm_3dd4eca2-695f-4758-aed5-b46ebb1efe12_276']/div[6]/div/select]
2024-02-02 14:02:649 INFO  Homepage :59 - Accept cookies[[ChromeDriver: chrome on windows (7d18a95e88aa010289fec1dda3a8f72c)] -> xpath: //a[@id='hs-eu-confirmation-button']]
2024-02-02 14:02:13 INFO  Homepage :68 - Enter contact details in text field[[ChromeDriver: chrome on windows (7d18a95e88aa010289fec1dda3a8f72c)] -> xpath: //*[@id="menu"]/ul/li[5]/a]
2024-02-02 14:02:357 INFO  Homepage :72 - Enter last name in text field[[ChromeDriver: chrome on windows (7d18a95e88aa010289fec1dda3a8f72c)] -> xpath: //form[@id="hsForm_3dd4eca2-695f-4758-aed5-b46ebb1efe12_276"]/div[1]/div/input]
2024-02-02 14:02:452 INFO  Homepage :76 - Enter company name in text field[[ChromeDriver: chrome on windows (7d18a95e88aa010289fec1dda3a8f72c)] -> xpath: //form[@id="hsForm_3dd4eca2-695f-4758-aed5-b46ebb1efe12_276"]/div[2]/div/input]
2024-02-02 14:02:591 INFO  Homepage :80 - Enter jobTittle in text field[[ChromeDriver: chrome on windows (7d18a95e88aa010289fec1dda3a8f72c)] -> xpath: //form[@id="hsForm_3dd4eca2-695f-4758-aed5-b46ebb1efe12_276"]/div[3]/div/input]
2024-02-02 14:02:700 INFO  Homepage :84 - Enter phoneNo in text field[[ChromeDriver: chrome on windows (7d18a95e88aa010289fec1dda3a8f72c)] -> xpath: //form[@id='hsForm_3dd4eca2-695f-4758-aed5-b46ebb1efe12_276']/div[4]/div/input]
2024-02-02 14:02:810 INFO  Homepage :88 - Enter Email  in text field[[ChromeDriver: chrome on windows (7d18a95e88aa010289fec1dda3a8f72c)] -> xpath: //form[@id='hsForm_3dd4eca2-695f-4758-aed5-b46ebb1efe12_276']/div[5]/div/input]
2024-02-02 14:02:927 INFO  Homepage :92 - Enter Employees  in text field[[ChromeDriver: chrome on windows (7d18a95e88aa010289fec1dda3a8f72c)] -> xpath: //form[@id='hsForm_3dd4eca2-695f-4758-aed5-b46ebb1efe12_276']/div[6]/div/select]
2024-02-03 16:02:807 INFO  Homepage :59 - Accept cookies[[ChromeDriver: chrome on windows (1e465a15a5f2424953dce8867b9fd90d)] -> xpath: //a[@id='hs-eu-confirmation-button']]
2024-02-03 16:02:334 INFO  Homepage :68 - Enter contact details in text field[[ChromeDriver: chrome on windows (1e465a15a5f2424953dce8867b9fd90d)] -> xpath: //*[@id="menu"]/ul/li[5]/a]
2024-02-03 16:02:665 INFO  Homepage :72 - Enter last name in text field[[ChromeDriver: chrome on windows (1e465a15a5f2424953dce8867b9fd90d)] -> xpath: //form[@id="hsForm_3dd4eca2-695f-4758-aed5-b46ebb1efe12_276"]/div[1]/div/input]
2024-02-03 16:02:824 INFO  Homepage :76 - Enter company name in text field[[ChromeDriver: chrome on windows (1e465a15a5f2424953dce8867b9fd90d)] -> xpath: //form[@id="hsForm_3dd4eca2-695f-4758-aed5-b46ebb1efe12_276"]/div[2]/div/input]
2024-02-03 16:02:978 INFO  Homepage :80 - Enter jobTittle in text field[[ChromeDriver: chrome on windows (1e465a15a5f2424953dce8867b9fd90d)] -> xpath: //form[@id="hsForm_3dd4eca2-695f-4758-aed5-b46ebb1efe12_276"]/div[3]/div/input]
2024-02-03 16:02:138 INFO  Homepage :84 - Enter phoneNo in text field[[ChromeDriver: chrome on windows (1e465a15a5f2424953dce8867b9fd90d)] -> xpath: //form[@id='hsForm_3dd4eca2-695f-4758-aed5-b46ebb1efe12_276']/div[4]/div/input]
2024-02-03 16:02:353 INFO  Homepage :88 - Enter Email  in text field[[ChromeDriver: chrome on windows (1e465a15a5f2424953dce8867b9fd90d)] -> xpath: //form[@id='hsForm_3dd4eca2-695f-4758-aed5-b46ebb1efe12_276']/div[5]/div/input]
2024-02-03 16:02:595 INFO  Homepage :92 - Enter Employees  in text field[[ChromeDriver: chrome on windows (1e465a15a5f2424953dce8867b9fd90d)] -> xpath: //form[@id='hsForm_3dd4eca2-695f-4758-aed5-b46ebb1efe12_276']/div[6]/div/select]
2024-02-03 17:02:691 INFO  Homepage :60 - Accept cookies[[ChromeDriver: chrome on windows (52bf394fd4f5d3cc1902e25c40543028)] -> xpath: //a[@id='hs-eu-confirmation-button']]
2024-02-03 17:02:279 INFO  Homepage :70 - Enter contact details in text field[[ChromeDriver: chrome on windows (52bf394fd4f5d3cc1902e25c40543028)] -> xpath: //*[@id="menu"]/ul/li[5]/a]
2024-02-03 17:02:679 INFO  Homepage :75 - Enter last name in text field[[ChromeDriver: chrome on windows (52bf394fd4f5d3cc1902e25c40543028)] -> xpath: //form[@id="hsForm_3dd4eca2-695f-4758-aed5-b46ebb1efe12_276"]/div[1]/div/input]
2024-02-03 17:02:809 INFO  Homepage :80 - Enter company name in text field[[ChromeDriver: chrome on windows (52bf394fd4f5d3cc1902e25c40543028)] -> xpath: //form[@id="hsForm_3dd4eca2-695f-4758-aed5-b46ebb1efe12_276"]/div[2]/div/input]
2024-02-03 17:02:939 INFO  Homepage :85 - Enter jobTittle in text field[[ChromeDriver: chrome on windows (52bf394fd4f5d3cc1902e25c40543028)] -> xpath: //form[@id="hsForm_3dd4eca2-695f-4758-aed5-b46ebb1efe12_276"]/div[3]/div/input]
2024-02-03 17:02:99 INFO  Homepage :90 - Enter phoneNo in text field[[ChromeDriver: chrome on windows (52bf394fd4f5d3cc1902e25c40543028)] -> xpath: //form[@id='hsForm_3dd4eca2-695f-4758-aed5-b46ebb1efe12_276']/div[4]/div/input]
2024-02-03 17:02:268 INFO  Homepage :95 - Enter Email  in text field[[ChromeDriver: chrome on windows (52bf394fd4f5d3cc1902e25c40543028)] -> xpath: //form[@id='hsForm_3dd4eca2-695f-4758-aed5-b46ebb1efe12_276']/div[5]/div/input]
2024-02-03 17:02:550 INFO  Homepage :100 - Enter Employees  in text field[[ChromeDriver: chrome on windows (52bf394fd4f5d3cc1902e25c40543028)] -> xpath: //form[@id='hsForm_3dd4eca2-695f-4758-aed5-b46ebb1efe12_276']/div[6]/div/select]
2024-02-03 17:02:164 INFO  Homepage :60 - Accept cookies[[ChromeDriver: chrome on windows (42720d9201c636543fd6d16c5d761cca)] -> xpath: //a[@id='hs-eu-confirmation-button']]
2024-02-03 17:02:794 INFO  Homepage :70 - Enter contact details in text field[[ChromeDriver: chrome on windows (42720d9201c636543fd6d16c5d761cca)] -> xpath: //*[@id="menu"]/ul/li[5]/a]
2024-02-03 17:02:125 INFO  Homepage :75 - Enter last name in text field[[ChromeDriver: chrome on windows (42720d9201c636543fd6d16c5d761cca)] -> xpath: //form[@id="hsForm_3dd4eca2-695f-4758-aed5-b46ebb1efe12_276"]/div[1]/div/input]
2024-02-03 17:02:307 INFO  Homepage :80 - Enter company name in text field[[ChromeDriver: chrome on windows (42720d9201c636543fd6d16c5d761cca)] -> xpath: //form[@id="hsForm_3dd4eca2-695f-4758-aed5-b46ebb1efe12_276"]/div[2]/div/input]
2024-02-03 17:02:578 INFO  Homepage :85 - Enter jobTittle in text field[[ChromeDriver: chrome on windows (42720d9201c636543fd6d16c5d761cca)] -> xpath: //form[@id="hsForm_3dd4eca2-695f-4758-aed5-b46ebb1efe12_276"]/div[3]/div/input]
2024-02-03 17:02:863 INFO  Homepage :90 - Enter phoneNo in text field[[ChromeDriver: chrome on windows (42720d9201c636543fd6d16c5d761cca)] -> xpath: //form[@id='hsForm_3dd4eca2-695f-4758-aed5-b46ebb1efe12_276']/div[4]/div/input]
2024-02-03 17:02:57 INFO  Homepage :95 - Enter Email  in text field[[ChromeDriver: chrome on windows (42720d9201c636543fd6d16c5d761cca)] -> xpath: //form[@id='hsForm_3dd4eca2-695f-4758-aed5-b46ebb1efe12_276']/div[5]/div/input]
2024-02-03 17:02:278 INFO  Homepage :100 - Enter Employees  in text field[[ChromeDriver: chrome on windows (42720d9201c636543fd6d16c5d761cca)] -> xpath: //form[@id='hsForm_3dd4eca2-695f-4758-aed5-b46ebb1efe12_276']/div[6]/div/select]
2024-02-03 17:02:635 INFO  Homepage :60 - Accept cookies[[ChromeDriver: chrome on windows (26f314f3afe58f870529510029fc93af)] -> xpath: //a[@id='hs-eu-confirmation-button']]
2024-02-03 17:02:166 INFO  Homepage :70 - Enter contact details in text field[[ChromeDriver: chrome on windows (26f314f3afe58f870529510029fc93af)] -> xpath: //*[@id="menu"]/ul/li[5]/a]
2024-02-03 17:02:502 INFO  Homepage :75 - Enter last name in text field[[ChromeDriver: chrome on windows (26f314f3afe58f870529510029fc93af)] -> xpath: //form[@id="hsForm_3dd4eca2-695f-4758-aed5-b46ebb1efe12_276"]/div[1]/div/input]
2024-02-03 17:02:639 INFO  Homepage :80 - Enter company name in text field[[ChromeDriver: chrome on windows (26f314f3afe58f870529510029fc93af)] -> xpath: //form[@id="hsForm_3dd4eca2-695f-4758-aed5-b46ebb1efe12_276"]/div[2]/div/input]
2024-02-03 17:02:751 INFO  Homepage :85 - Enter jobTittle in text field[[ChromeDriver: chrome on windows (26f314f3afe58f870529510029fc93af)] -> xpath: //form[@id="hsForm_3dd4eca2-695f-4758-aed5-b46ebb1efe12_276"]/div[3]/div/input]
2024-02-03 17:02:900 INFO  Homepage :90 - Enter phoneNo in text field[[ChromeDriver: chrome on windows (26f314f3afe58f870529510029fc93af)] -> xpath: //form[@id='hsForm_3dd4eca2-695f-4758-aed5-b46ebb1efe12_276']/div[4]/div/input]
2024-02-03 17:02:161 INFO  Homepage :95 - Enter Email  in text field[[ChromeDriver: chrome on windows (26f314f3afe58f870529510029fc93af)] -> xpath: //form[@id='hsForm_3dd4eca2-695f-4758-aed5-b46ebb1efe12_276']/div[5]/div/input]
2024-02-03 17:02:511 INFO  Homepage :100 - Enter Employees  in text field[[ChromeDriver: chrome on windows (26f314f3afe58f870529510029fc93af)] -> xpath: //form[@id='hsForm_3dd4eca2-695f-4758-aed5-b46ebb1efe12_276']/div[6]/div/select]
2024-02-05 11:02:940 INFO  Homepage :60 - Accept cookies[[ChromeDriver: chrome on windows (3e3d8b35724b5afd83338a769e8629d7)] -> xpath: //a[@id='hs-eu-confirmation-button']]
2024-02-05 11:02:902 INFO  Homepage :70 - Enter contact details in text field[[ChromeDriver: chrome on windows (3e3d8b35724b5afd83338a769e8629d7)] -> xpath: //*[@id="menu"]/ul/li[5]/a]
2024-02-05 11:02:521 INFO  Homepage :60 - Accept cookies[[ChromeDriver: chrome on windows (0018bb8f0495e56a2a7dccbafd648c11)] -> xpath: //a[@id='hs-eu-confirmation-button']]
2024-02-05 11:02:471 INFO  Homepage :70 - Enter contact details in text field[[ChromeDriver: chrome on windows (0018bb8f0495e56a2a7dccbafd648c11)] -> xpath: //*[@id="menu"]/ul/li[5]/a]
2024-02-05 11:02:565 INFO  Homepage :60 - Accept cookies[[ChromeDriver: chrome on windows (311bfa0533b17f8bc1d4bdb8a6a52e1e)] -> xpath: //a[@id='hs-eu-confirmation-button']]
2024-02-05 11:02:409 INFO  Homepage :70 - Enter contact details in text field[[ChromeDriver: chrome on windows (311bfa0533b17f8bc1d4bdb8a6a52e1e)] -> xpath: //*[@id="menu"]/ul/li[5]/a]
2024-02-05 11:02:869 INFO  Homepage :60 - Accept cookies[[ChromeDriver: chrome on windows (f6d214008686d105b556ebe336786a6e)] -> xpath: //a[@id='hs-eu-confirmation-button']]
2024-02-05 11:02:453 INFO  Homepage :70 - Enter contact details in text field[[ChromeDriver: chrome on windows (f6d214008686d105b556ebe336786a6e)] -> xpath: //*[@id="menu"]/ul/li[5]/a]
2024-02-05 11:02:703 INFO  Homepage :60 - Accept cookies[[ChromeDriver: chrome on windows (0ace230eab07860c872d02801a20a8da)] -> xpath: //a[@id='hs-eu-confirmation-button']]
2024-02-05 11:02:133 INFO  Homepage :70 - Enter contact details in text field[[ChromeDriver: chrome on windows (0ace230eab07860c872d02801a20a8da)] -> xpath: //*[@id="menu"]/ul/li[5]/a]
2024-02-05 11:02:943 INFO  Homepage :60 - Accept cookies[[ChromeDriver: chrome on windows (f78b120fd234c5bcf194d411d3c0f7b1)] -> xpath: //a[@id='hs-eu-confirmation-button']]
2024-02-05 11:02:442 INFO  Homepage :70 - Enter contact details in text field[[ChromeDriver: chrome on windows (f78b120fd234c5bcf194d411d3c0f7b1)] -> xpath: //*[@id="menu"]/ul/li[5]/a]
2024-02-05 11:02:216 INFO  Homepage :75 - Enter last name in text field[[ChromeDriver: chrome on windows (f78b120fd234c5bcf194d411d3c0f7b1)] -> xpath: //input[@id='lastname-3dd4eca2-695f-4758-aed5-b46ebb1efe12_960']]
2024-02-05 11:02:522 INFO  Homepage :60 - Accept cookies[[ChromeDriver: chrome on windows (897c7b3efeb4a8e42ce65c847f48f1e1)] -> xpath: //a[@id='hs-eu-confirmation-button']]
2024-02-05 11:02:998 INFO  Homepage :70 - Enter contact details in text field[[ChromeDriver: chrome on windows (897c7b3efeb4a8e42ce65c847f48f1e1)] -> xpath: //*[@id="menu"]/ul/li[5]/a]
2024-02-05 11:02:348 INFO  Homepage :75 - Enter last name in text field[[ChromeDriver: chrome on windows (897c7b3efeb4a8e42ce65c847f48f1e1)] -> xpath: //input[@id='lastname-3dd4eca2-695f-4758-aed5-b46ebb1efe12_960']]
2024-02-05 11:02:452 INFO  Homepage :80 - Enter company name in text field[[ChromeDriver: chrome on windows (897c7b3efeb4a8e42ce65c847f48f1e1)] -> xpath: //input[@id='company-3dd4eca2-695f-4758-aed5-b46ebb1efe12_960']]
2024-02-05 11:02:575 INFO  Homepage :85 - Enter jobTittle in text field[[ChromeDriver: chrome on windows (897c7b3efeb4a8e42ce65c847f48f1e1)] -> xpath: //input[@id='jobtitle-3dd4eca2-695f-4758-aed5-b46ebb1efe12_960']]
2024-02-05 11:02:685 INFO  Homepage :90 - Enter phoneNo in text field[[ChromeDriver: chrome on windows (897c7b3efeb4a8e42ce65c847f48f1e1)] -> xpath: //input[@id='phone-3dd4eca2-695f-4758-aed5-b46ebb1efe12_960']]
2024-02-05 11:02:810 INFO  Homepage :95 - Enter Email  in text field[[ChromeDriver: chrome on windows (897c7b3efeb4a8e42ce65c847f48f1e1)] -> xpath: //input[@id='email-3dd4eca2-695f-4758-aed5-b46ebb1efe12_960']]
2024-02-05 11:02:968 INFO  Homepage :100 - Enter Employees  in text field[[ChromeDriver: chrome on windows (897c7b3efeb4a8e42ce65c847f48f1e1)] -> xpath: //select[@id='numemployees-3dd4eca2-695f-4758-aed5-b46ebb1efe12_960']]
2024-02-05 11:02:850 INFO  Homepage :60 - Accept cookies[[ChromeDriver: chrome on windows (aff15129cc0a2063966a152d73b2d7e3)] -> xpath: //a[@id='hs-eu-confirmation-button']]
2024-02-05 11:02:249 INFO  Homepage :70 - Enter contact details in text field[[ChromeDriver: chrome on windows (aff15129cc0a2063966a152d73b2d7e3)] -> xpath: //*[@id="menu"]/ul/li[5]/a]
2024-02-05 11:02:586 INFO  Homepage :75 - Enter last name in text field[[ChromeDriver: chrome on windows (aff15129cc0a2063966a152d73b2d7e3)] -> xpath: //input[@id='lastname-3dd4eca2-695f-4758-aed5-b46ebb1efe12_960']]
2024-02-05 11:02:684 INFO  Homepage :80 - Enter company name in text field[[ChromeDriver: chrome on windows (aff15129cc0a2063966a152d73b2d7e3)] -> xpath: //input[@id='company-3dd4eca2-695f-4758-aed5-b46ebb1efe12_960']]
2024-02-05 11:02:811 INFO  Homepage :85 - Enter jobTittle in text field[[ChromeDriver: chrome on windows (aff15129cc0a2063966a152d73b2d7e3)] -> xpath: //input[@id='jobtitle-3dd4eca2-695f-4758-aed5-b46ebb1efe12_960']]
2024-02-05 11:02:936 INFO  Homepage :90 - Enter phoneNo in text field[[ChromeDriver: chrome on windows (aff15129cc0a2063966a152d73b2d7e3)] -> xpath: //input[@id='phone-3dd4eca2-695f-4758-aed5-b46ebb1efe12_960']]
2024-02-05 11:02:60 INFO  Homepage :95 - Enter Email  in text field[[ChromeDriver: chrome on windows (aff15129cc0a2063966a152d73b2d7e3)] -> xpath: //input[@id='email-3dd4eca2-695f-4758-aed5-b46ebb1efe12_960']]
2024-02-05 11:02:206 INFO  Homepage :100 - Enter Employees  in text field[[ChromeDriver: chrome on windows (aff15129cc0a2063966a152d73b2d7e3)] -> xpath: //select[@id='numemployees-3dd4eca2-695f-4758-aed5-b46ebb1efe12_960']]
2024-02-05 11:02:40 INFO  Homepage :60 - Accept cookies[[ChromeDriver: chrome on windows (a581ba62efd109ec23b8f73a13cbeed6)] -> xpath: //a[@id='hs-eu-confirmation-button']]
2024-02-05 11:02:584 INFO  Homepage :70 - Enter contact details in text field[[ChromeDriver: chrome on windows (a581ba62efd109ec23b8f73a13cbeed6)] -> xpath: //*[@id="menu"]/ul/li[5]/a]
2024-02-05 11:02:880 INFO  Homepage :75 - Enter last name in text field[[ChromeDriver: chrome on windows (a581ba62efd109ec23b8f73a13cbeed6)] -> xpath: //input[@id='lastname-3dd4eca2-695f-4758-aed5-b46ebb1efe12_960']]
2024-02-05 11:02:975 INFO  Homepage :80 - Enter company name in text field[[ChromeDriver: chrome on windows (a581ba62efd109ec23b8f73a13cbeed6)] -> xpath: //input[@id='company-3dd4eca2-695f-4758-aed5-b46ebb1efe12_960']]
2024-02-05 11:02:82 INFO  Homepage :85 - Enter jobTittle in text field[[ChromeDriver: chrome on windows (a581ba62efd109ec23b8f73a13cbeed6)] -> xpath: //input[@id='jobtitle-3dd4eca2-695f-4758-aed5-b46ebb1efe12_960']]
2024-02-05 11:02:180 INFO  Homepage :90 - Enter phoneNo in text field[[ChromeDriver: chrome on windows (a581ba62efd109ec23b8f73a13cbeed6)] -> xpath: //input[@id='phone-3dd4eca2-695f-4758-aed5-b46ebb1efe12_960']]
2024-02-05 11:02:277 INFO  Homepage :95 - Enter Email  in text field[[ChromeDriver: chrome on windows (a581ba62efd109ec23b8f73a13cbeed6)] -> xpath: //input[@id='email-3dd4eca2-695f-4758-aed5-b46ebb1efe12_960']]
2024-02-05 11:02:391 INFO  Homepage :100 - Enter Employees  in text field[[ChromeDriver: chrome on windows (a581ba62efd109ec23b8f73a13cbeed6)] -> xpath: //select[@id='numemployees-3dd4eca2-695f-4758-aed5-b46ebb1efe12_960']]
2024-02-05 11:02:594 INFO  Homepage :60 - Accept cookies[[ChromeDriver: chrome on windows (ad9959e8127850831160921503fca033)] -> xpath: //a[@id='hs-eu-confirmation-button']]
2024-02-05 11:02:22 INFO  Homepage :70 - Enter contact details in text field[[ChromeDriver: chrome on windows (ad9959e8127850831160921503fca033)] -> xpath: //*[@id="menu"]/ul/li[5]/a]
2024-02-05 11:02:315 INFO  Homepage :75 - Enter last name in text field[[ChromeDriver: chrome on windows (ad9959e8127850831160921503fca033)] -> xpath: //input[@id='lastname-3dd4eca2-695f-4758-aed5-b46ebb1efe12_960']]
2024-02-05 11:02:408 INFO  Homepage :80 - Enter company name in text field[[ChromeDriver: chrome on windows (ad9959e8127850831160921503fca033)] -> xpath: //input[@id='company-3dd4eca2-695f-4758-aed5-b46ebb1efe12_960']]
2024-02-05 11:02:509 INFO  Homepage :85 - Enter jobTittle in text field[[ChromeDriver: chrome on windows (ad9959e8127850831160921503fca033)] -> xpath: //input[@id='jobtitle-3dd4eca2-695f-4758-aed5-b46ebb1efe12_960']]
2024-02-05 11:02:608 INFO  Homepage :90 - Enter phoneNo in text field[[ChromeDriver: chrome on windows (ad9959e8127850831160921503fca033)] -> xpath: //input[@id='phone-3dd4eca2-695f-4758-aed5-b46ebb1efe12_960']]
2024-02-05 11:02:708 INFO  Homepage :95 - Enter Email  in text field[[ChromeDriver: chrome on windows (ad9959e8127850831160921503fca033)] -> xpath: //input[@id='email-3dd4eca2-695f-4758-aed5-b46ebb1efe12_960']]
2024-02-05 11:02:848 INFO  Homepage :100 - Enter Employees  in text field[[ChromeDriver: chrome on windows (ad9959e8127850831160921503fca033)] -> xpath: //select[@id='numemployees-3dd4eca2-695f-4758-aed5-b46ebb1efe12_960']]
2024-02-05 11:02:306 INFO  Homepage :60 - Accept cookies[[ChromeDriver: chrome on windows (33be8ea3a32fcb5f54710b7b7340cafd)] -> xpath: //a[@id='hs-eu-confirmation-button']]
2024-02-05 11:02:895 INFO  Homepage :70 - Enter contact details in text field[[ChromeDriver: chrome on windows (33be8ea3a32fcb5f54710b7b7340cafd)] -> xpath: //*[@id="menu"]/ul/li[5]/a]
2024-02-05 11:02:194 INFO  Homepage :75 - Enter last name in text field[[ChromeDriver: chrome on windows (33be8ea3a32fcb5f54710b7b7340cafd)] -> xpath: //input[@id='lastname-3dd4eca2-695f-4758-aed5-b46ebb1efe12_960']]
2024-02-05 11:02:300 INFO  Homepage :80 - Enter company name in text field[[ChromeDriver: chrome on windows (33be8ea3a32fcb5f54710b7b7340cafd)] -> xpath: //input[@id='company-3dd4eca2-695f-4758-aed5-b46ebb1efe12_960']]
2024-02-05 11:02:418 INFO  Homepage :85 - Enter jobTittle in text field[[ChromeDriver: chrome on windows (33be8ea3a32fcb5f54710b7b7340cafd)] -> xpath: //input[@id='jobtitle-3dd4eca2-695f-4758-aed5-b46ebb1efe12_960']]
2024-02-05 11:02:519 INFO  Homepage :90 - Enter phoneNo in text field[[ChromeDriver: chrome on windows (33be8ea3a32fcb5f54710b7b7340cafd)] -> xpath: //input[@id='phone-3dd4eca2-695f-4758-aed5-b46ebb1efe12_960']]
2024-02-05 11:02:654 INFO  Homepage :95 - Enter Email  in text field[[ChromeDriver: chrome on windows (33be8ea3a32fcb5f54710b7b7340cafd)] -> xpath: //input[@id='email-3dd4eca2-695f-4758-aed5-b46ebb1efe12_960']]
2024-02-05 11:02:803 INFO  Homepage :100 - Enter Employees  in text field[[ChromeDriver: chrome on windows (33be8ea3a32fcb5f54710b7b7340cafd)] -> xpath: //select[@id='numemployees-3dd4eca2-695f-4758-aed5-b46ebb1efe12_960']]
2024-02-11 20:02:79 INFO  GeoplaceHomepage :41 - Accept cookies[[ChromeDriver: chrome on windows (9d66e7a02dbeea2182fd04c583542331)] -> xpath: //*[@id="ccc-notify"]/div[2]/button[1]]
2024-02-11 20:02:301 INFO  GeoplaceHomepage :47 - click local Authority Areas[[ChromeDriver: chrome on windows (9d66e7a02dbeea2182fd04c583542331)] -> xpath: //*[@id="offcanvas-nav"]/div[1]/div[2]/button[3]]
2024-02-11 20:02:370 INFO  GeoplaceHomepage :60 - clicking DataCreationManual [[ChromeDriver: chrome on windows (9d66e7a02dbeea2182fd04c583542331)] -> xpath: //*[@id="offcanvas-nav"]/div[4]/div[2]/div[1]/div/a[1]]
2024-02-11 20:02:621 INFO  GeoplaceHomepage :41 - Accept cookies[[ChromeDriver: chrome on windows (5ec125ff435a133d90265a736b0d4d05)] -> xpath: //*[@id="ccc-notify"]/div[2]/button[1]]
2024-02-11 20:02:831 INFO  GeoplaceHomepage :47 - click local Authority Areas[[ChromeDriver: chrome on windows (5ec125ff435a133d90265a736b0d4d05)] -> xpath: //*[@id="offcanvas-nav"]/div[1]/div[2]/button[3]]
2024-02-11 20:02:842 INFO  GeoplaceHomepage :60 - clicking DataCreationManual [[ChromeDriver: chrome on windows (5ec125ff435a133d90265a736b0d4d05)] -> xpath: //*[@id="offcanvas-nav"]/div[4]/div[2]/div[1]/div/a[1]]
2024-02-11 21:02:258 INFO  GeoplaceHomepage :47 - Accept cookies[[ChromeDriver: chrome on windows (db146c104b487e4081871db0eac6d350)] -> xpath: //*[@id="ccc-notify"]/div[2]/button[1]]
2024-02-11 21:02:491 INFO  GeoplaceHomepage :53 - click local Authority Areas[[ChromeDriver: chrome on windows (db146c104b487e4081871db0eac6d350)] -> xpath: //*[@id="offcanvas-nav"]/div[1]/div[2]/button[3]]
2024-02-11 21:02:439 INFO  GeoplaceHomepage :66 - clicking DataCreationManual [[ChromeDriver: chrome on windows (db146c104b487e4081871db0eac6d350)] -> xpath: //*[@id="offcanvas-nav"]/div[4]/div[2]/div[1]/div/a[1]]
2024-02-11 21:02:961 INFO  GeoplaceHomepage :47 - Accept cookies[[ChromeDriver: chrome on windows (158aba375fa1fee4cc6032cc50edbd91)] -> xpath: //*[@id="ccc-notify"]/div[2]/button[1]]
2024-02-11 21:02:54 INFO  GeoplaceHomepage :53 - click local Authority Areas[[ChromeDriver: chrome on windows (158aba375fa1fee4cc6032cc50edbd91)] -> xpath: //*[@id="offcanvas-nav"]/div[1]/div[2]/button[3]]
2024-02-11 21:02:211 INFO  GeoplaceHomepage :66 - clicking DataCreationManual [[ChromeDriver: chrome on windows (158aba375fa1fee4cc6032cc50edbd91)] -> xpath: //*[@id="offcanvas-nav"]/div[4]/div[2]/div[1]/div/a[1]]
2024-02-11 21:02:110 INFO  GeoplaceHomepage :47 - Accept cookies[[ChromeDriver: chrome on windows (7fb9bb913897fc113c04e3f9c7936cdf)] -> xpath: //*[@id="ccc-notify"]/div[2]/button[1]]
2024-02-11 21:02:322 INFO  GeoplaceHomepage :53 - click local Authority Areas[[ChromeDriver: chrome on windows (7fb9bb913897fc113c04e3f9c7936cdf)] -> xpath: //*[@id="offcanvas-nav"]/div[1]/div[2]/button[3]]
2024-02-11 21:02:293 INFO  GeoplaceHomepage :66 - clicking DataCreationManual [[ChromeDriver: chrome on windows (7fb9bb913897fc113c04e3f9c7936cdf)] -> xpath: //*[@id="offcanvas-nav"]/div[4]/div[2]/div[1]/div/a[1]]
2024-02-11 21:02:183 INFO  GeoplaceHomepage :47 - Accept cookies[[ChromeDriver: chrome on windows (12ebdedd0a473f78df4f1cb9b907d6d7)] -> xpath: //*[@id="ccc-notify"]/div[2]/button[1]]
2024-02-11 21:02:372 INFO  GeoplaceHomepage :53 - click local Authority Areas[[ChromeDriver: chrome on windows (12ebdedd0a473f78df4f1cb9b907d6d7)] -> xpath: //*[@id="offcanvas-nav"]/div[1]/div[2]/button[3]]
2024-02-11 21:02:170 INFO  GeoplaceHomepage :66 - clicking DataCreationManual [[ChromeDriver: chrome on windows (12ebdedd0a473f78df4f1cb9b907d6d7)] -> xpath: //*[@id="offcanvas-nav"]/div[4]/div[2]/div[1]/div/a[1]]
2024-02-12 10:02:517 INFO  GeoplaceHomepage :47 - Accept cookies[[ChromeDriver: chrome on windows (861bd874da5d03450e0b71b08341826f)] -> xpath: //*[@id="ccc-notify"]/div[2]/button[1]]
2024-02-12 10:02:866 INFO  GeoplaceHomepage :53 - click local Authority Areas[[ChromeDriver: chrome on windows (861bd874da5d03450e0b71b08341826f)] -> xpath: //*[@id="offcanvas-nav"]/div[1]/div[2]/button[3]]
2024-02-12 10:02:459 INFO  GeoplaceHomepage :66 - clicking DataCreationManual [[ChromeDriver: chrome on windows (861bd874da5d03450e0b71b08341826f)] -> xpath: //*[@id="offcanvas-nav"]/div[4]/div[2]/div[1]/div/a[1]]
